<?xml version="1.0" encoding="UTF-8"?>
<testng-results ignored="0" total="1" passed="1" failed="0" skipped="0">
  <reporter-output>
  </reporter-output>
  <suite started-at="2024-10-27T22:13:35 IST" name="Default suite" finished-at="2024-10-27T22:13:41 IST" duration-ms="6402">
    <groups>
    </groups>
    <test started-at="2024-10-27T22:13:35 IST" name="Default test" finished-at="2024-10-27T22:13:41 IST" duration-ms="6402">
      <class name="com.Entrata.D02SecondTestCase">
        <test-method signature="SignIn()[pri:0, instance:com.Entrata.D02SecondTestCase@662b4c69]" started-at="2024-10-27T22:13:35 IST" name="SignIn" finished-at="2024-10-27T22:13:41 IST" duration-ms="6358" status="PASS">
          <reporter-output>
          </reporter-output>
        </test-method> <!-- SignIn -->
      </class> <!-- com.Entrata.D02SecondTestCase -->
    </test> <!-- Default test -->
  </suite> <!-- Default suite -->
</testng-results>
