<?xml version="1.0" encoding="UTF-8"?>
<testng-results ignored="0" total="1" passed="1" failed="0" skipped="0">
  <reporter-output>
  </reporter-output>
  <suite started-at="2024-10-27T21:53:04 IST" name="Default suite" finished-at="2024-10-27T21:53:04 IST" duration-ms="59">
    <groups>
    </groups>
    <test started-at="2024-10-27T21:53:04 IST" name="Default test" finished-at="2024-10-27T21:53:04 IST" duration-ms="59">
      <class name="com.TestNGDemos.D01FirstTest">
        <test-method signature="f()[pri:0, instance:com.TestNGDemos.D01FirstTest@6fe7aac8]" started-at="2024-10-27T21:53:04 IST" name="f" finished-at="2024-10-27T21:53:04 IST" duration-ms="13" status="PASS">
          <reporter-output>
          </reporter-output>
        </test-method> <!-- f -->
      </class> <!-- com.TestNGDemos.D01FirstTest -->
    </test> <!-- Default test -->
  </suite> <!-- Default suite -->
</testng-results>
